<?xml version="1.0" encoding="UTF-8"?>
<!-- Generated by org.testng.reporters.JUnitReportReporter -->
<testsuite hostname="farhana2022" failures="0" tests="1" name="test.AlertHandlingTest" time="15.828" errors="0" timestamp="2023-02-16T19:41:13 CST" skipped="0">
  <testcase classname="test.AlertHandlingTest" name="alertHandling" time="15.828"/>
  <system-out/>
</testsuite> <!-- test.AlertHandlingTest -->
