<?xml version="1.0" encoding="UTF-8"?>
<!-- Generated by org.testng.reporters.JUnitReportReporter -->
<testsuite hostname="farhana2022" failures="0" tests="2" name="test.LoginTest" time="36.264" errors="0" timestamp="2023-02-16T19:41:13 CST" skipped="0">
  <testcase classname="test.LoginTest" name="login" time="20.388"/>
  <system-out/>
  <testcase classname="test.LoginTest" name="login" time="15.876"/>
  <system-out/>
</testsuite> <!-- test.LoginTest -->
